[     395ms] [WARNING] Error with Permissions-Policy header: Unrecognized feature: 'pointer-lock'. @ :0
[    1073ms] [WARNING] react-i18next:: useTranslation: You will need to pass in an i18next instance by using initReactI18next {code: NO_I18NEXT_INSTANCE} @ https://grok.com/_next/static/chunks/2729684a49fbbe56.js:2
[    1528ms] [ERROR] Failed to load resource: the server responded with a status of 401 () @ https://grok.com/rest/suggestions/profile:0
[  132928ms] [ERROR] Failed to load resource: the server responded with a status of 429 () @ https://grok.com/rest/app-chat/conversations/new:0
[  671642ms] [ERROR] Access to fetch at 'https://accounts.x.ai/check-login?redirect=grok-com' (redirected from 'https://grok.com/sign-in?_rsc=1txv4') from origin 'https://grok.com' has been blocked by CORS policy: Response to preflight request doesn't pass access control check: No 'Access-Control-Allow-Origin' header is present on the requested resource. @ https://grok.com/:0
[  671647ms] [ERROR] Failed to load resource: net::ERR_FAILED @ https://accounts.x.ai/check-login?redirect=grok-com:0
[  671649ms] [ERROR] Failed to fetch RSC payload for https://grok.com/sign-in. Falling back to browser navigation. TypeError: Failed to fetch (grok.com)
    at https://grok.com/_next/static/chunks/2729684a49fbbe56.js:3:370643
    at https://grok.com/_next/static/chunks/2729684a49fbbe56.js:3:167383
    at h (https://grok.com/_next/static/chunks/33bb6fa904f129ab.js:3:16127)
    at E (https://grok.com/_next/static/chunks/33bb6fa904f129ab.js:3:14997)
    at https://grok.com/_next/static/chunks/7e196c51eb479946.js:3:24194
    at Object.a [as task] (https://grok.com/_next/static/chunks/7e196c51eb479946.js:3:21269)
    at c.s (https://grok.com/_next/static/chunks/7e196c51eb479946.js:3:21974)
    at c.enqueue (https://grok.com/_next/static/chunks/7e196c51eb479946.js:3:21399)
    at s (https://grok.com/_next/static/chunks/7e196c51eb479946.js:3:24157)
    at i (https://grok.com/_next/static/chunks/7e196c51eb479946.js:3:23673)
    at e (https://grok.com/_next/static/chunks/7e196c51eb479946.js:3:51669)
    at f (https://grok.com/_next/static/chunks/7e196c51eb479946.js:3:65317)
    at Object.action (https://grok.com/_next/static/chunks/7e196c51eb479946.js:3:67663)
    at p (https://grok.com/_next/static/chunks/7e196c51eb479946.js:3:66890)
    at https://grok.com/_next/static/chunks/7e196c51eb479946.js:3:67331
    at Object.dispatch (https://grok.com/_next/static/chunks/7e196c51eb479946.js:3:67623)
    at u (https://grok.com/_next/static/chunks/4b6a987094d31b86.js:3:39402)
    at a (https://grok.com/_next/static/chunks/4b6a987094d31b86.js:3:39332)
    at v (https://grok.com/_next/static/chunks/7e196c51eb479946.js:3:68302)
    at https://grok.com/_next/static/chunks/7e196c51eb479946.js:3:69213
    at n.startTransition (https://grok.com/_next/static/chunks/4b6a987094d31b86.js:3:8390)
    at Object.push (https://grok.com/_next/static/chunks/7e196c51eb479946.js:3:69201)
    at Object.apply (https://grok.com/_next/static/chunks/2729684a49fbbe56.js:3:236562)
    at https://grok.com/_next/static/chunks/1667f855b85e0065.js:3:2035474
    at i2 (https://grok.com/_next/static/chunks/96ee51808d3b553c.js:3:138665)
    at https://grok.com/_next/static/chunks/96ee51808d3b553c.js:3:144751
    at nS (https://grok.com/_next/static/chunks/96ee51808d3b553c.js:3:22661)
    at i9 (https://grok.com/_next/static/chunks/96ee51808d3b553c.js:3:139898)
    at cu (https://grok.com/_next/static/chunks/96ee51808d3b553c.js:3:166898)
    at ca (https://grok.com/_next/static/chunks/96ee51808d3b553c.js:3:166720)
    at HTMLDocument.r (https://grok.com/_next/static/chunks/2729684a49fbbe56.js:3:162514) @ https://grok.com/_next/static/chunks/2729684a49fbbe56.js:2
[  682095ms] [WARNING] Blocked aria-hidden on an element because its descendant retained focus. The focus must not be hidden from assistive technology users. Avoid using aria-hidden on a focused element or its ancestor. Consider using the inert attribute instead, which will also prevent focus. For more details, see the aria-hidden section of the WAI-ARIA specification at https://w3c.github.io/aria/#aria-hidden.
Element with focus: <div.sZwd7c B6Vhqe>
Ancestor with aria-hidden: <div.Ih3FE> @ https://accounts.google.com/v3/signin/identifier?opparams=%253F&dsh=S1495898260%3A1772444419552850&client_id=455662147616-fai32tqkrc0mqkouoe6l0suk287lkb1k.apps.googleusercontent.com&code_challenge=5kV63uYQUAoXVf2T11UoddcNnrckV55-kCX7uAt0-bc&code_challenge_method=S256&o2v=2&prompt=select_account&redirect_uri=https%3A%2F%2Faccounts.x.ai%2Fexchange-token%2F&response_type=code&scope=https%3A%2F%2Fwww.googleapis.com%2Fauth%2Fuserinfo.email+https%3A%2F%2Fwww.googleapis.com%2Fauth%2Fuserinfo.profile&service=lso&state=eyJ0b2tlbiI6Ik9FOUVvLUsyTDluM3BmaEJ6cG92dnciLCJtZXRhZGF0YSI6eyJwcm9tcHRPbkR1cGxpY2F0ZUVtYWlsIjoidHJ1ZSIsImludGVudGlvbiI6InNpZ24taW4ifX0&flowName=GeneralOAuthFlow&continue=https%3A%2F%2Faccounts.google.com%2Fsignin%2Foauth%2Fconsent%3Fauthuser%3Dunknown%26part%3DAJi8hANVZcAR92ZYkeCimnaM_uneaMzefneXX08dhYan6-vVge60CTpWAO2HnLCB3eGHlrKIsXlgc0xHin0lQtTGgTNZgxBIidOdcgFyCFL9i0Mnuxs9fyvj0NNwooi6e2kAcB44M5kdbph6dlLoSfUsOfBVy4NNrR8cpqa4E9UHCaHbgUNVgfud7p2fbJgJf38hgKAbKd1mPUTd05sWIfpobqd6FkjAk7YPUUSgcklVwvrmGzpwsF5zZwSJeS1iEywXqrk8z-lU_pvWNQ_PMmwaMhMPRXjqDJJgkNJq_f_-45cFQD18wKk540AUEhtDRG8wdlLL0rRP164yEmIADliJj3hIXmTA9LtV9Xmher0TQMYw03tUIvz-NUcZYfr0m0TvekJbyv28AaJZENY6xfKMGnwtuNBH1h85nIm6k7NPkGHMZD2Zln-AfEYnoVrjhMTd3TGwGGqRMJj9CVnUnEorTwu0gQ5gcA%26flowName%3DGeneralOAuthFlow%26as%3DS1495898260%253A1772444419552850%26client_id%3D455662147616-fai32tqkrc0mqkouoe6l0suk287lkb1k.apps.googleusercontent.com%26requestPath%3D%252Fsignin%252Foauth%252Fconsent%23&app_domain=https%3A%2F%2Faccounts.x.ai&rart=ANgoxceplJSgL_yjzAjXZSB75HCcW4oOty8Cy0Oz9rgnZVN_bGEwKWGWYWjONi464N-PYzQbwm2TdL2OM9HnQsG8LKKs7qRxzhzX8udzXArW1cTzcIvmaqI:0
[  698034ms] [ERROR] Error: <svg> attribute width: Expected length, "auto". @ https://accounts.x.ai/account:0
[  698034ms] [ERROR] Error: <svg> attribute width: Expected length, "auto". @ https://accounts.x.ai/account:0
[  698034ms] [ERROR] Error: <svg> attribute width: Expected length, "auto". @ https://accounts.x.ai/account:0
[  698034ms] [ERROR] Error: <svg> attribute width: Expected length, "auto". @ https://accounts.x.ai/account:0
